<?xml version="1.0" encoding="UTF-8" standalone="no"?>
<!DOCTYPE log SYSTEM "logger.dtd">
<log>
<record>
  <date>2019-11-07T15:36:36.325-0300</date>
  <logger>CLECIANA MARIA DE SANTANA</logger>
  <level>FINE</level>
  <message>File 117110237-CLECIANA MARIA DE SANTANA.zip was received. It was sent by CLECIANA MARIA DE SANTANA from IP 150.165.42.146 at 07-11-2019 15*36*36</message>
</record>
</log>
<?xml version="1.0" encoding="UTF-8" standalone="no"?>
<!DOCTYPE log SYSTEM "logger.dtd">
<log>
<record>
  <date>2019-11-07T15:43:51.416-0300</date>
  <logger>CLECIANA MARIA DE SANTANA</logger>
  <level>FINE</level>
  <message>File 117110237-CLECIANA MARIA DE SANTANA.zip was received. It was sent by CLECIANA MARIA DE SANTANA from IP 150.165.42.146 at 07-11-2019 15*43*51</message>
</record>
</log>
<?xml version="1.0" encoding="UTF-8" standalone="no"?>
<!DOCTYPE log SYSTEM "logger.dtd">
<log>
<record>
  <date>2019-11-09T11:07:48.722-0300</date>
  <logger>CLECIANA MARIA DE SANTANA</logger>
  <level>FINE</level>
  <message>File 117110237-CLECIANA MARIA DE SANTANA.zip was received. It was sent by CLECIANA MARIA DE SANTANA from IP 192.168.0.3 at 09-11-2019 11*07*48</message>
</record>
