<?xml version="1.0" encoding="UTF-8" standalone="no"?>
<!DOCTYPE log SYSTEM "logger.dtd">
<log>
<record>
  <date>2019-09-26T14:18:50.421-0300</date>
  <logger>CLECIANA MARIA DE SANTANA</logger>
  <level>FINE</level>
  <message>File 117110237-CLECIANA MARIA DE SANTANA.zip was received. It was sent by CLECIANA MARIA DE SANTANA from IP 150.165.42.133 at 26-09-2019 14*18*50</message>
</record>
</log>
<?xml version="1.0" encoding="UTF-8" standalone="no"?>
<!DOCTYPE log SYSTEM "logger.dtd">
<log>
<record>
  <date>2019-09-26T15:35:59.847-0300</date>
  <logger>CLECIANA MARIA DE SANTANA</logger>
  <level>FINE</level>
  <message>File 117110237-CLECIANA MARIA DE SANTANA.zip was received. It was sent by CLECIANA MARIA DE SANTANA from IP 150.165.42.133 at 26-09-2019 15*35*59</message>
</record>
</log>
<?xml version="1.0" encoding="UTF-8" standalone="no"?>
<!DOCTYPE log SYSTEM "logger.dtd">
<log>
<record>
  <date>2019-09-28T00:32:33.571-0300</date>
  <logger>CLECIANA MARIA DE SANTANA</logger>
  <level>FINE</level>
  <message>File 117110237-CLECIANA MARIA DE SANTANA.zip was received. It was sent by CLECIANA MARIA DE SANTANA from IP 192.168.0.5 at 28-09-2019 00*32*33</message>
</record>
